{
  "RSpec": {
    "coverage": {
      "/csce431/project-sprint-1-blcfast/spec/integration_spec.rb": {
        "lines": [
          1,
          null,
          null,
          1,
          1,
          0,
          0,
          0,
          0,
          0,
          0,
          0,
          null,
          null,
          null,
          null,
          0,
          0,
          0,
          0,
          0,
          0,
          0,
          0,
          0,
          null,
          null,
          null,
          null,
          0,
          0,
          0,
          0,
          0,
          0,
          0,
          0,
          0,
          null,
          null,
          null,
          null,
          0,
          0,
          0,
          0,
          0,
          0,
          0,
          0,
          0,
          null,
          null
        ]
      },
      "/csce431/project-sprint-1-blcfast/spec/rails_helper.rb": {
        "lines": [
          1,
          1
        ]
      },
      "/csce431/project-sprint-1-blcfast/spec/unit_spec.rb": {
        "lines": [
          1,
          null,
          1,
          0,
          0,
          null,
          null,
          0,
          0,
          null,
          null,
          0,
          0,
          0,
          null,
          null,
          0,
          0,
          0,
          null,
          null,
          null
        ]
      }
    },
    "timestamp": 1636563246
  }
}
